

FATAL ERROR:  

01/15/2020 at 13:49:56.000  Drawing: Z:\1. RESIDENTIAL JOBS\001 Residential Jobs\VALENTIN, MARIA\01 CAD Drawings\11X17 TEMPLATE - STANDARD.dwg
-------------



FER\01 CAD Drawings\11X17 TEMPLATE - STANDARD.dwg
-------------
R:  Unhandled e0434352h Exception at 8eb09129h

07/09/2019 at 17:00:50.380  Drawing: Z:\1. RESIDENTIAL JOBS\001 Residential Jobs\NARAINE, PITRI\01 CAD Drawings\11X17 TEMPLATE - STANDARD.dwg
-------------


FATAL ERROR:  Unhandled e0434352h Exception at 8b81a839h

10/16/2019 at 17:32:02.174  Drawing: Z:\1. RESIDENTIAL JOBS\001 Residential Jobs\PERKINS, GILDA\01 CAD Drawings\11X17 TEMPLATE - STANDARD.dwg
-------------


FATAL ERROR:  Unhandled e0434352h Exception at a5bda839h

10/30/2019 at 11:56:54.744  Drawing: Z:\1. RESIDENTIAL JOBS\001 Residential Jobs\KUCHTA, THOMAS\01 CAD Drawings\11X17 TEMPLATE - STANDARD.dwg
-------------


FATAL ERROR:  Unhandled Access Violation Reading 0x00c8 Exception at 86ffff17h

10/30/2019 at 13:02:10.669  Drawing: Z:\1. RESIDENTIAL JOBS\001 Residential Jobs\MCCUE, CHRISTOPHER\01 CAD Drawings\11X17 TEMPLATE - STANDARD.dwg
-------------


FATAL ERROR:  Unhandled e0434352h Exception at 8963a839h

11/21/2019 at 19:40:15.115  Drawing: Z:\5. MISC. FOLDER\Design\PANEL PDFS.dwg
-------------


FATAL ERROR:  Unhandled Access Violation Reading 0x00c8 Exception at 91c7ff17h

11/27/2019 at 13:06:55.777  Drawing: Z:\1. RESIDENTIAL JOBS\001 Residential Jobs\GAIER, JARON\01 CAD Drawings\11X17 TEMPLATE - STANDARD.dwg
-------------


FATAL ERROR:  Unhandled Access Violation Reading 0x665182d0 Exception at 6724c1a7h

12/05/2019 at 13:27:16.944  Drawing: Z:\1. RESIDENTIAL JOBS\001 Residential Jobs\MORIARTY, ANN\01 CAD Drawings\MORIARTY, ANN - FULL SET.dwg
-------------


FATAL ERROR:  Unhandled e0434352h Exception at 6a07a839h

12/30/2019 at 14:32:06.556  Drawing: Z:\1. RESIDENTIAL JOBS\001 Residential Jobs\CHITTENDEN, WENDY\01 CAD Drawings\11X17 TEMPLATE - STANDARD.dwg
-------------


FATAL ERROR:  Unhandled Access Violation Reading 0x00c8 Exception at 86a6ff17h

01/14/2020 at 13:49:32.526  Drawing: Z:\1. RESIDENTIAL JOBS\001 Residential Jobs\MICHAUD, SIMONNE\01 CAD Drawings\11X17 TEMPLATE - STANDARD.dwg
-------------
