Z:\1. RESIDENTIAL JOBS\001 Residential Jobs\MOTTO, LARRY\01 CAD Drawings\MOTTO, LARRY 3-LINE.dwg,Model,8/15/2014 1:18:41 PM,mattbirckbichler,Adobe PDF.pc3,Letter,1:0.930233,
Z:\1. RESIDENTIAL JOBS\001 Residential Jobs\MOTTO, LARRY\01 CAD Drawings\MOTTO, LARRY 3-LINE.dwg,Model,8/15/2014 1:24:32 PM,mattbirckbichler,Adobe PDF.pc3,Letter,1:0.930233,
Z:\1. RESIDENTIAL JOBS\001 Residential Jobs\MOTTO, LARRY\01 CAD Drawings\MOTTO, LARRY 3-LINE.dwg,Model,8/15/2014 1:25:15 PM,mattbirckbichler,Adobe PDF.pc3,Letter,1:0.930233,
Z:\1. RESIDENTIAL JOBS\001 Residential Jobs\SANTIAGO, LETICIA\01 CAD Drawings\SANTIAGO, LETICIA 3 LINE TEMPLATE.dwg,Model,8/15/2014 1:37:31 PM,mattbirckbichler,Adobe PDF.pc3,Letter,1:0.930233,
Z:\1. RESIDENTIAL JOBS\001 Residential Jobs\SANTIAGO, LETICIA\01 CAD Drawings\SANTIAGO, LETICIA LAYOUT TEMPLATE.dwg,LAYOUT,8/15/2014 1:39:42 PM,mattbirckbichler,Adobe PDF.pc3,Letter,1:0.986046,
Z:\1. RESIDENTIAL JOBS\001 Residential Jobs\clukey, william\01 CAD Drawings\CLUKEY, WILLIAM.dwg,LAYOUT,8/15/2014 1:46:56 PM,mattbirckbichler,Adobe PDF.pc3,Letter,1:0.986046,
Z:\1. RESIDENTIAL JOBS\001 Residential Jobs\clukey, william\01 CAD Drawings\CLUKEY, WILLIAM 3-LINE.dwg,Model,8/15/2014 1:48:31 PM,mattbirckbichler,Adobe PDF.pc3,Letter,1:0.930233,
Z:\1. RESIDENTIAL JOBS\001 Residential Jobs\WIGGINS, MELISSA\01 CAD Drawings\WIGGINS, MELISSA LAYOUT TEMPLATE.dwg,LAYOUT,8/15/2014 2:02:05 PM,mattbirckbichler,Adobe PDF.pc3,Letter,1:1.00606,
Z:\1. RESIDENTIAL JOBS\001 Residential Jobs\WIGGINS, MELISSA\01 CAD Drawings\WIGGINS, MELISSA 3 LINE TEMPLATE.dwg,Model,8/15/2014 2:04:42 PM,mattbirckbichler,Adobe PDF.pc3,Letter,1:0.930233,
Z:\1. RESIDENTIAL JOBS\001 Residential Jobs\PETERS, ROBERT\01 CAD Drawings\LAYOUT TEMPLATE.dwg,LAYOUT,8/15/2014 2:42:58 PM,mattbirckbichler,Adobe PDF.pc3,Letter,1:0.986046,
Z:\1. RESIDENTIAL JOBS\001 Residential Jobs\PETERS, ROBERT\01 CAD Drawings\3 LINE TEMPLATE.dwg,Model,8/15/2014 2:48:17 PM,mattbirckbichler,Adobe PDF.pc3,Letter,1:0.930233,
Z:\1. RESIDENTIAL JOBS\001 Residential Jobs\PETERS, ROBERT\01 CAD Drawings\3 LINE TEMPLATE.dwg,Model,8/15/2014 2:49:00 PM,mattbirckbichler,Adobe PDF.pc3,Letter,1:0.930233,
Z:\1. RESIDENTIAL JOBS\001 Residential Jobs\FEELEY, JOHN\01 CAD Drawings\FEELEY, JOHN 3 LINE TEMPLATE.dwg,Model,8/15/2014 2:56:19 PM,mattbirckbichler,Adobe PDF.pc3,Letter,1:0.930233,
Z:\1. RESIDENTIAL JOBS\001 Residential Jobs\FEELEY, JOHN\01 CAD Drawings\FEELEY, JOHN LAYOUT TEMPLATE.dwg,LAYOUT,8/15/2014 3:00:05 PM,mattbirckbichler,Adobe PDF.pc3,Letter,1:0.986046,
Z:\1. RESIDENTIAL JOBS\001 Residential Jobs\SERILLO, ANTHONY\01 CAD Drawings\SERILLO, ANTHONY 3 LINE TEMPLATE.dwg,Model,8/15/2014 3:07:41 PM,mattbirckbichler,Adobe PDF.pc3,Letter,1:0.930233,
Z:\1. RESIDENTIAL JOBS\001 Residential Jobs\SERILLO, ANTHONY\01 CAD Drawings\SERILLO, ANTHONY LAYOUT TEMPLATE.dwg,LAYOUT,8/15/2014 3:10:10 PM,mattbirckbichler,Adobe PDF.pc3,Letter,1:0.986046,
Z:\1. RESIDENTIAL JOBS\001 Residential Jobs\LOSAPIO, FRED\01 CAD Drawings\3 LINE TEMPLATE.dwg,Model,8/15/2014 3:17:35 PM,mattbirckbichler,Adobe PDF.pc3,Letter,1:0.930233,
Z:\1. RESIDENTIAL JOBS\001 Residential Jobs\LOSAPIO, FRED\01 CAD Drawings\TEST LAYOUT TEMPLATE.dwg,LAYOUT,8/15/2014 3:24:34 PM,mattbirckbichler,Adobe PDF.pc3,Letter,1:0.986046,
Z:\1. RESIDENTIAL JOBS\001 Residential Jobs\CHIANI, ANN\01 CAD Drawings\CHIANI, ANN.dwg,Model,8/18/2014 11:20:28 AM,JohnKean,Design iR-2550,11x17,1:158.829,
Z:\1. RESIDENTIAL JOBS\001 Residential Jobs\CHIANI, ANN\01 CAD Drawings\CHIANI, ANN.dwg,3-LINE,8/18/2014 11:21:01 AM,JohnKean,Adobe PDF,11 x 17,1:1.02326,
Z:\1. RESIDENTIAL JOBS\001 Residential Jobs\TASSONI, PAT\01 CAD Drawings\11X17 TEMPLATE.dwg,3-LINE,8/18/2014 11:33:35 AM,MitchONeill,Adobe PDF,11 x 17,1:1.02326,
Z:\1. RESIDENTIAL JOBS\001 Residential Jobs\TOMMASIELLO, CLAUDIA\01 CAD Drawings\11X17 TEMPLATE.dwg,3-LINE,8/19/2014 9:37:43 AM,MitchONeill,Canon iR C2550,11x17,1:1.04389,
Z:\1. RESIDENTIAL JOBS\001 Residential Jobs\TOMMASIELLO, CLAUDIA\01 CAD Drawings\11X17 TEMPLATE.dwg,3-LINE,8/19/2014 9:37:50 AM,MitchONeill,Adobe PDF,Ledger,1:1.02326,
Z:\1. RESIDENTIAL JOBS\001 Residential Jobs\TOMMASIELLO, CLAUDIA\01 CAD Drawings\11X17 TEMPLATE.dwg,3-LINE,8/19/2014 9:45:19 AM,MitchONeill,Adobe PDF,Ledger,1:1.02326,
Z:\2. COMMERCIAL JOBS\2. ACTIVE JOBS\CLEARBROOK ACTIVE ADULT COMMUNITY\CAD\277-10.20 kW - Copy\277 - 10.20 ASBUILT.dwg,LAYOUT,9/5/2014 12:20:57 PM,JohnKean,Adobe PDF,Letter,1:1.0303,
Z:\2. COMMERCIAL JOBS\2. ACTIVE JOBS\CLEARBROOK ACTIVE ADULT COMMUNITY\CAD\277-10.20 kW - Copy\277 - 10.20 ASBUILT.dwg,LAYOUT,9/5/2014 12:43:25 PM,JohnKean,Adobe PDF,Letter,1:1.0303,
